-------------------------------------------------------------------------------
Test set: com.HYX.webDev.MyBlogApplicationTests
-------------------------------------------------------------------------------
Tests run: 1, Failures: 0, Errors: 1, Skipped: 0, Time elapsed: 16.341 s <<< FAILURE! - in com.HYX.webDev.MyBlogApplicationTests
contextLoads  Time elapsed: 0.065 s  <<< ERROR!
java.lang.IllegalStateException: Failed to load ApplicationContext
Caused by: org.springframework.beans.factory.BeanCreationException: Error creating bean with name 'adminController': Injection of resource dependencies failed; nested exception is org.springframework.beans.factory.BeanCreationException: Error creating bean with name 'adminUserServiceImpl': Injection of resource dependencies failed; nested exception is org.springframework.beans.factory.UnsatisfiedDependencyException: Error creating bean with name 'adminUserMapper' defined in file [/home/hadoop/IdeaProjects/BlogWebDev/target/classes/com/HYX/webDev/dao/AdminUserMapper.class]: Unsatisfied dependency expressed through bean property 'sqlSessionFactory'; nested exception is org.springframework.beans.factory.BeanCreationException: Error creating bean with name 'sqlSessionFactory' defined in class path resource [org/mybatis/spring/boot/autoconfigure/MybatisAutoConfiguration.class]: Bean instantiation via factory method failed; nested exception is org.springframework.beans.BeanInstantiationException: Failed to instantiate [org.apache.ibatis.session.SqlSessionFactory]: Factory method 'sqlSessionFactory' threw exception; nested exception is org.springframework.core.NestedIOException: Failed to parse mapping resource: 'file [/home/hadoop/IdeaProjects/BlogWebDev/target/classes/mapper/BlogMapper.xml]'; nested exception is org.apache.ibatis.builder.BuilderException: Error parsing Mapper XML. The XML location is 'file [/home/hadoop/IdeaProjects/BlogWebDev/target/classes/mapper/BlogMapper.xml]'. Cause: java.lang.IllegalArgumentException: Result Maps collection already contains value for com.HYX.webDev.dao.BlogMapper.BaseResultMap
Caused by: org.springframework.beans.factory.BeanCreationException: Error creating bean with name 'adminUserServiceImpl': Injection of resource dependencies failed; nested exception is org.springframework.beans.factory.UnsatisfiedDependencyException: Error creating bean with name 'adminUserMapper' defined in file [/home/hadoop/IdeaProjects/BlogWebDev/target/classes/com/HYX/webDev/dao/AdminUserMapper.class]: Unsatisfied dependency expressed through bean property 'sqlSessionFactory'; nested exception is org.springframework.beans.factory.BeanCreationException: Error creating bean with name 'sqlSessionFactory' defined in class path resource [org/mybatis/spring/boot/autoconfigure/MybatisAutoConfiguration.class]: Bean instantiation via factory method failed; nested exception is org.springframework.beans.BeanInstantiationException: Failed to instantiate [org.apache.ibatis.session.SqlSessionFactory]: Factory method 'sqlSessionFactory' threw exception; nested exception is org.springframework.core.NestedIOException: Failed to parse mapping resource: 'file [/home/hadoop/IdeaProjects/BlogWebDev/target/classes/mapper/BlogMapper.xml]'; nested exception is org.apache.ibatis.builder.BuilderException: Error parsing Mapper XML. The XML location is 'file [/home/hadoop/IdeaProjects/BlogWebDev/target/classes/mapper/BlogMapper.xml]'. Cause: java.lang.IllegalArgumentException: Result Maps collection already contains value for com.HYX.webDev.dao.BlogMapper.BaseResultMap
Caused by: org.springframework.beans.factory.UnsatisfiedDependencyException: Error creating bean with name 'adminUserMapper' defined in file [/home/hadoop/IdeaProjects/BlogWebDev/target/classes/com/HYX/webDev/dao/AdminUserMapper.class]: Unsatisfied dependency expressed through bean property 'sqlSessionFactory'; nested exception is org.springframework.beans.factory.BeanCreationException: Error creating bean with name 'sqlSessionFactory' defined in class path resource [org/mybatis/spring/boot/autoconfigure/MybatisAutoConfiguration.class]: Bean instantiation via factory method failed; nested exception is org.springframework.beans.BeanInstantiationException: Failed to instantiate [org.apache.ibatis.session.SqlSessionFactory]: Factory method 'sqlSessionFactory' threw exception; nested exception is org.springframework.core.NestedIOException: Failed to parse mapping resource: 'file [/home/hadoop/IdeaProjects/BlogWebDev/target/classes/mapper/BlogMapper.xml]'; nested exception is org.apache.ibatis.builder.BuilderException: Error parsing Mapper XML. The XML location is 'file [/home/hadoop/IdeaProjects/BlogWebDev/target/classes/mapper/BlogMapper.xml]'. Cause: java.lang.IllegalArgumentException: Result Maps collection already contains value for com.HYX.webDev.dao.BlogMapper.BaseResultMap
Caused by: org.springframework.beans.factory.BeanCreationException: Error creating bean with name 'sqlSessionFactory' defined in class path resource [org/mybatis/spring/boot/autoconfigure/MybatisAutoConfiguration.class]: Bean instantiation via factory method failed; nested exception is org.springframework.beans.BeanInstantiationException: Failed to instantiate [org.apache.ibatis.session.SqlSessionFactory]: Factory method 'sqlSessionFactory' threw exception; nested exception is org.springframework.core.NestedIOException: Failed to parse mapping resource: 'file [/home/hadoop/IdeaProjects/BlogWebDev/target/classes/mapper/BlogMapper.xml]'; nested exception is org.apache.ibatis.builder.BuilderException: Error parsing Mapper XML. The XML location is 'file [/home/hadoop/IdeaProjects/BlogWebDev/target/classes/mapper/BlogMapper.xml]'. Cause: java.lang.IllegalArgumentException: Result Maps collection already contains value for com.HYX.webDev.dao.BlogMapper.BaseResultMap
Caused by: org.springframework.beans.BeanInstantiationException: Failed to instantiate [org.apache.ibatis.session.SqlSessionFactory]: Factory method 'sqlSessionFactory' threw exception; nested exception is org.springframework.core.NestedIOException: Failed to parse mapping resource: 'file [/home/hadoop/IdeaProjects/BlogWebDev/target/classes/mapper/BlogMapper.xml]'; nested exception is org.apache.ibatis.builder.BuilderException: Error parsing Mapper XML. The XML location is 'file [/home/hadoop/IdeaProjects/BlogWebDev/target/classes/mapper/BlogMapper.xml]'. Cause: java.lang.IllegalArgumentException: Result Maps collection already contains value for com.HYX.webDev.dao.BlogMapper.BaseResultMap
Caused by: org.springframework.core.NestedIOException: Failed to parse mapping resource: 'file [/home/hadoop/IdeaProjects/BlogWebDev/target/classes/mapper/BlogMapper.xml]'; nested exception is org.apache.ibatis.builder.BuilderException: Error parsing Mapper XML. The XML location is 'file [/home/hadoop/IdeaProjects/BlogWebDev/target/classes/mapper/BlogMapper.xml]'. Cause: java.lang.IllegalArgumentException: Result Maps collection already contains value for com.HYX.webDev.dao.BlogMapper.BaseResultMap
Caused by: org.apache.ibatis.builder.BuilderException: Error parsing Mapper XML. The XML location is 'file [/home/hadoop/IdeaProjects/BlogWebDev/target/classes/mapper/BlogMapper.xml]'. Cause: java.lang.IllegalArgumentException: Result Maps collection already contains value for com.HYX.webDev.dao.BlogMapper.BaseResultMap
Caused by: java.lang.IllegalArgumentException: Result Maps collection already contains value for com.HYX.webDev.dao.BlogMapper.BaseResultMap

